<?xml version="1.0" encoding="UTF-8"?>
<!-- Generated by org.testng.reporters.JUnitReportReporter -->
<testsuite hostname="DESKTOP-3TNG5SM" failures="0" tests="1" name="Com.Ecommerce.TestCases.TC_NewRegistration" time="7.551" errors="0" timestamp="2023-01-25T22:53:24 IST" skipped="0">
  <testcase classname="Com.Ecommerce.TestCases.TC_NewRegistration" name="Registration" time="7.551"/>
  <system-out/>
</testsuite> <!-- Com.Ecommerce.TestCases.TC_NewRegistration -->
