<?xml version="1.0" encoding="UTF-8"?>
<!-- Generated by org.testng.reporters.JUnitReportReporter -->
<testsuite hostname="DESKTOP-3TNG5SM" failures="0" tests="1" name="Com.Ecommerce.TestCases.TC03_NC_Registration_TestCase" time="6.895" errors="0" timestamp="2023-01-25T22:53:24 IST" skipped="0">
  <testcase classname="Com.Ecommerce.TestCases.TC03_NC_Registration_TestCase" name="Registration" time="6.895"/>
  <system-out/>
</testsuite> <!-- Com.Ecommerce.TestCases.TC03_NC_Registration_TestCase -->
